[15-Sep-2021 08:01:15 UTC] PHP Parse error:  syntax error, unexpected '?>' in C:\Users\jaytu\Local Sites\fictional-university\app\public\wp-content\themes\fictional-university-theme\index.php on line 3
[15-Sep-2021 08:01:35 UTC] PHP Fatal error:  Uncaught Error: Call to undefined function the_body() in C:\Users\jaytu\Local Sites\fictional-university\app\public\wp-content\themes\fictional-university-theme\index.php:5
Stack trace:
#0 C:\Users\jaytu\Local Sites\fictional-university\app\public\wp-includes\template-loader.php(106): include()
#1 C:\Users\jaytu\Local Sites\fictional-university\app\public\wp-blog-header.php(19): require_once('C:\\Users\\jaytu\\...')
#2 C:\Users\jaytu\Local Sites\fictional-university\app\public\index.php(17): require('C:\\Users\\jaytu\\...')
#3 {main}
  thrown in C:\Users\jaytu\Local Sites\fictional-university\app\public\wp-content\themes\fictional-university-theme\index.php on line 5
[15-Sep-2021 21:19:52 UTC] PHP Fatal error:  Uncaught Error: Maximum function nesting level of '256' reached, aborting! in C:\Users\jaytu\Local Sites\fictional-university\app\public\wp-includes\script-loader.php:2371
Stack trace:
#0 C:\Users\jaytu\Local Sites\fictional-university\app\public\wp-includes\script-loader.php(2401): wp_should_load_separate_core_block_assets()
#1 C:\Users\jaytu\Local Sites\fictional-university\app\public\wp-includes\class-wp-hook.php(303): wp_enqueue_registered_block_scripts_and_styles('')
#2 C:\Users\jaytu\Local Sites\fictional-university\app\public\wp-includes\class-wp-hook.php(327): WP_Hook->apply_filters('', Array)
#3 C:\Users\jaytu\Local Sites\fictional-university\app\public\wp-includes\plugin.php(470): WP_Hook->do_action(Array)
#4 C:\Users\jaytu\Local Sites\fictional-university\app\public\wp-includes\script-loader.php(2267): do_action('enqueue_block_a...')
#5 C:\Users\jaytu\Local Sites\fictional-university\app\public\wp-includes\class-wp-hook.php(303): wp_common_block_scripts_and_styles('')
#6 C:\Users\jaytu\Local Sites\ in C:\Users\jaytu\Local Sites\fictional-university\app\public\wp-includes\script-loader.php on line 2371
[16-Sep-2021 23:40:51 UTC] PHP Parse error:  syntax error, unexpected ';', expecting ')' in C:\Users\jaytu\Local Sites\fictional-university\app\public\wp-content\themes\fictional-university-theme\functions.php on line 13
[16-Sep-2021 23:40:51 UTC] PHP Parse error:  syntax error, unexpected ';', expecting ')' in C:\Users\jaytu\Local Sites\fictional-university\app\public\wp-content\themes\fictional-university-theme\functions.php on line 13
[23-Sep-2021 19:28:53 UTC] PHP Fatal error:  Uncaught Error: Call to undefined function asdf() in C:\Users\jaytu\Local Sites\fictional-university\app\public\wp-content\mu-plugins\university-post-types.php:17
Stack trace:
#0 C:\Users\jaytu\Local Sites\fictional-university\app\public\wp-includes\class-wp-hook.php(303): university_post_types('')
#1 C:\Users\jaytu\Local Sites\fictional-university\app\public\wp-includes\class-wp-hook.php(327): WP_Hook->apply_filters(NULL, Array)
#2 C:\Users\jaytu\Local Sites\fictional-university\app\public\wp-includes\plugin.php(470): WP_Hook->do_action(Array)
#3 C:\Users\jaytu\Local Sites\fictional-university\app\public\wp-settings.php(578): do_action('init')
#4 C:\Users\jaytu\Local Sites\fictional-university\app\public\wp-config.php(77): require_once('C:\\Users\\jaytu\\...')
#5 C:\Users\jaytu\Local Sites\fictional-university\app\public\wp-load.php(50): require_once('C:\\Users\\jaytu\\...')
#6 C:\Users\jaytu\Local Sites\fictional-university\app\public\wp-blog-header.php(13): require_once('C:\\Users\\jaytu\\...')
#7 C:\Users in C:\Users\jaytu\Local Sites\fictional-university\app\public\wp-content\mu-plugins\university-post-types.php on line 17
[23-Sep-2021 19:28:53 UTC] PHP Fatal error:  Uncaught Error: Call to undefined function asdf() in C:\Users\jaytu\Local Sites\fictional-university\app\public\wp-content\mu-plugins\university-post-types.php:17
Stack trace:
#0 C:\Users\jaytu\Local Sites\fictional-university\app\public\wp-includes\class-wp-hook.php(303): university_post_types('')
#1 C:\Users\jaytu\Local Sites\fictional-university\app\public\wp-includes\class-wp-hook.php(327): WP_Hook->apply_filters(NULL, Array)
#2 C:\Users\jaytu\Local Sites\fictional-university\app\public\wp-includes\plugin.php(470): WP_Hook->do_action(Array)
#3 C:\Users\jaytu\Local Sites\fictional-university\app\public\wp-settings.php(578): do_action('init')
#4 C:\Users\jaytu\Local Sites\fictional-university\app\public\wp-config.php(77): require_once('C:\\Users\\jaytu\\...')
#5 C:\Users\jaytu\Local Sites\fictional-university\app\public\wp-load.php(50): require_once('C:\\Users\\jaytu\\...')
#6 C:\Users\jaytu\Local Sites\fictional-university\app\public\wp-blog-header.php(13): require_once('C:\\Users\\jaytu\\...')
#7 C:\Users in C:\Users\jaytu\Local Sites\fictional-university\app\public\wp-content\mu-plugins\university-post-types.php on line 17
